<?xml version="1.0" encoding="UTF-8"?>
<testsuite name="testCase.BrowserTest" tests="1" skipped="1" failures="0" errors="0" timestamp="2022-10-23T05:06:57" hostname="DESKTOP-0SUNJO7" time="0.002">
  <properties/>
  <testcase name="browserTesting()" classname="testCase.BrowserTest" time="0.002">
    <skipped/>
  </testcase>
  <system-out><![CDATA[]]></system-out>
  <system-err><![CDATA[]]></system-err>
</testsuite>
